dev.newDAQmxTask("ai")
dev.ai.online=true
dev.ai.addAnalogInputChannel("Dev1/ai0")
quit()
dev.newDAQmxTask("ai")
dev.ai.addAnalogInputChannel("Dev1/ai0")
dev.ai.addAnalogInputChannel("Dev1\ai1")
dev.ai.online
dev.ai.online=1
dev.ai.read()
exec("script/testdaqmx.qs")
kill(find(*))
find(*)
find("*")
kill(find("*"))
exec("script/testdaqmx.qs")
dev.ai.read()
with(dev.ai) { read(); print("ch1 = " + ch1.value()); print("ch2 = " + ch2.value()); }
with(dev.ai) { read(); print("ch1 = " + ch1.value()); print("ch2 = " + ch2.value()); }
with(dev.ai) { read(); print("ch1 = " + ch1.value()); print("ch2 = " + ch2.value()); }
with(dev.ai) { read(); print("ch1 = " + ch1.value()); print("ch2 = " + ch2.value()); }
with(dev.ai) { read(); print("ch1 = " + ch1.value()); print("ch2 = " + ch2.value()); }
with(dev.ai) { read(); print("ch1 = " + ch1.value()); print("ch2 = " + ch2.value()); }
with(dev.ai) { read(); print("ch1 = " + ch1.value()); print("ch2 = " + ch2.value()); }
with(dev.ai) { read(); print("ch1 = " + ch1.value()); print("ch2 = " + ch2.value()); }
with(dev.ai) { read(); print("ch1 = " + ch1.value()); print("ch2 = " + ch2.value()); }
with(dev.ai) { read(); print("ch1 = " + ch1.value()); print("ch2 = " + ch2.value()); }
with(dev.ai) { read(); print("ch1 = " + ch1.value()); print("ch2 = " + ch2.value()); }
exec("script/testdaqmx.qs")
dev.newDAQmxTask("ctr1")
dev.ctr1.addCountEdgesChannel("Dev2/ctr0")
dev.ctr1.addCountEdgesChannel("Dev2/ctr1")
dev.ctr1.start()
dev.ctr1.on()
kill(dev.ctr1)
dev.newDAQmxTask("ctr1")
dev.ctr1.addCountEdgesChannel("Dev2/ctr0")
dev.ctr1.on()
dev.ctr1.read()
exec("script/testdaqmx.qs")
dir
ls
exec("script/testDaqmx.qs")
dev.ai.ch1.show()
dev.ai.ch2.show()
dev.ai.read()
dev.ai.read()
dev.ai.read()
dev.ai.read()
dev.ai.read()
dev.ai.read()
dev.ai.read()
dev.ai.read()
dev.ai.read()
dev.ai.read()
dev.ai.read()
dev.ai.read()
dev.ai.read()
dev.ai.read()
dev.ai.read()
kill(dev.ctr1)
kill(dev.ai)
dev.newDAQmxTask("ctr")
dev.ctr.addCountEdgesChannel("Dev1/ctr0")
dev.ctr.start()
dev.ctr.on()
dev.ctr.read()
dev.ctr.ch1.show()
dev.ctr.read()
dev.ctr.read()
dev.ctr.off()
dev.ctr.addCountEdgesChannel("Dev1/ctr1")
dev.ctr.addAnalogInputChannel("Dev1/ctr1")
dev.ctr.addAnalogInputChannel("Dev1/ai1")
kill(dev.ctr)
dev.newDAQmxTask("ctr")
dev.ctr.addCountEdgesChannel("Dev1/ctr0","rising")
dev.newDAQmxTask("ctr")
dev.ctr.addCountEdgesChannel("Dev1/ctr0","rising","poipoi")
dev.ctr.addCountEdgesChannel("Dev1/ctr0","rising","up")
dev.ctr.ch1.show()
dev.ctr.read()
dev.ctr.on()
dev.ctr.read()
dev.ctr.read()
dev.ctr.read()
dev.ctr.read()
